<?xml version="1.0" encoding="UTF-8"?>
<!-- Generated by org.testng.reporters.JUnitXMLReporter -->
<testsuite ignored="1" hostname="NICK" failures="2" tests="2" name="Default test(failed)" time="13.145" errors="0" timestamp="2023-01-10T12:37:39 IST">
  <testcase classname="TestCases1.CaptureScreenShotTest" name="verifyTitleTest" time="2.033">
    <failure type="java.lang.AssertionError" message="expected [Swag Labs] but found [Swag1 Labs]">
      <![CDATA[java.lang.AssertionError: expected [Swag Labs] but found [Swag1 Labs]
at TestCases1.CaptureScreenShotTest.verifyTitleTest(CaptureScreenShotTest.java:28)
at java.base/java.util.ArrayList.forEach(ArrayList.java:1541)
... Removed 32 stack frames]]>
    </failure>
  </testcase> <!-- verifyTitleTest -->
  <testcase classname="TestCases1.CaptureScreenShotTest" name="verifyUrlTest1" time="2.028">
    <failure type="java.lang.AssertionError" message="expected [Swag Labs] but found [Swag Labs1]">
      <![CDATA[java.lang.AssertionError: expected [Swag Labs] but found [Swag Labs1]
at TestCases1.CaptureScreenShotTest.verifyUrlTest1(CaptureScreenShotTest.java:36)
at java.base/java.util.ArrayList.forEach(ArrayList.java:1541)
... Removed 32 stack frames]]>
    </failure>
  </testcase> <!-- verifyUrlTest1 -->
  <testcase classname="TestCases1.CaptureScreenShotTest" name="loginToAppTest" time="0.0">
    <ignored/>
  </testcase> <!-- loginToAppTest -->
</testsuite> <!-- Default test(failed) -->
