<?xml version="1.0" encoding="UTF-8"?>
<!-- Generated by org.testng.reporters.JUnitXMLReporter -->
<testsuite ignored="1" hostname="NICK" failures="1" tests="2" name="Default test(failed)(failed)" time="11.635" errors="0" timestamp="2023-01-10T12:39:11 IST">
  <testcase classname="TestCases1.CaptureScreenShotTest" name="verifyTitleTest" time="2.019">
    <failure type="java.lang.AssertionError" message="expected [Swag Labs] but found [Swag1 Labs]">
      <![CDATA[java.lang.AssertionError: expected [Swag Labs] but found [Swag1 Labs]
at TestCases1.CaptureScreenShotTest.verifyTitleTest(CaptureScreenShotTest.java:28)
at java.base/java.util.ArrayList.forEach(ArrayList.java:1541)
... Removed 32 stack frames]]>
    </failure>
  </testcase> <!-- verifyTitleTest -->
  <testcase classname="TestCases1.CaptureScreenShotTest" name="verifyUrlTest1" time="2.013"/>
  <testcase classname="TestCases1.CaptureScreenShotTest" name="loginToAppTest" time="0.0">
    <ignored/>
  </testcase> <!-- loginToAppTest -->
</testsuite> <!-- Default test(failed)(failed) -->
