<?xml version="1.0" encoding="UTF-8"?>
<!-- Generated by org.testng.reporters.JUnitXMLReporter -->
<testsuite ignored="3" hostname="NICK" failures="2" tests="2" name="Test(failed)" time="9.021" errors="0" timestamp="2023-01-08T21:53:36 IST">
  <testcase classname="TestCases1.InvPageTest" name="verifyPeekLogoTest" time="0.172">
    <failure type="java.lang.AssertionError" message="expected [false] but found [true]">
      <![CDATA[java.lang.AssertionError: expected [false] but found [true]
at TestCases1.InvPageTest.verifyPeekLogoTest(InvPageTest.java:44)
at java.base/java.util.ArrayList.forEach(ArrayList.java:1541)
... Removed 32 stack frames]]>
    </failure>
  </testcase> <!-- verifyPeekLogoTest -->
  <testcase classname="TestCases1.LogPgTest" name="verifyTitleTest" time="2.018">
    <failure type="java.lang.AssertionError" message="expected [Swag Labs] but found [1Swag Labs]">
      <![CDATA[java.lang.AssertionError: expected [Swag Labs] but found [1Swag Labs]
at TestCases1.LogPgTest.verifyTitleTest(LogPgTest.java:26)
at java.base/java.util.ArrayList.forEach(ArrayList.java:1541)
... Removed 32 stack frames]]>
    </failure>
  </testcase> <!-- verifyTitleTest -->
  <testcase classname="TestCases1.InvPageTest" name="VerifyProductTest" time="0.0">
    <ignored/>
  </testcase> <!-- VerifyProductTest -->
  <testcase classname="TestCases1.LogPgTest" name="verifyLoginBtnEnabledTest" time="0.0">
    <ignored/>
  </testcase> <!-- verifyLoginBtnEnabledTest -->
  <testcase classname="TestCases1.LogPgTest" name="verifyloginToApp_1" time="0.0">
    <ignored/>
  </testcase> <!-- verifyloginToApp_1 -->
</testsuite> <!-- Test(failed) -->
