<?xml version="1.0" encoding="UTF-8"?>
<!-- Generated by org.testng.reporters.JUnitReportReporter -->
<testsuite hostname="NICK" failures="0" tests="2" name="TestCases1.DemoTest" time="9.563" errors="1" timestamp="2023-01-07T16:06:36 IST" skipped="1">
  <testcase classname="TestCases1.DemoTest" name="verifyTitleTest2" time="9.563">
    <error message="Method TestCases1.DemoTest.verifyTitleTest2() didn&#039;t finish within the time-out 2000" type="org.testng.internal.thread.ThreadTimeoutException">
      <![CDATA[org.testng.internal.thread.ThreadTimeoutException: Method TestCases1.DemoTest.verifyTitleTest2() didn't finish within the time-out 2000
at java.base@11.0.16.1/java.util.HashMap.hash(HashMap.java:340)
at java.base@11.0.16.1/java.util.HashMap.put(HashMap.java:608)
at app//com.google.common.collect.AbstractMapBasedMultimap.put(AbstractMapBasedMultimap.java:189)
at app//com.google.common.collect.AbstractListMultimap.put(AbstractListMultimap.java:115)
at app//com.google.common.collect.ArrayListMultimap.put(ArrayListMultimap.java:61)
at app//org.openqa.selenium.remote.http.HttpMessage.addHeader(HttpMessage.java:104)
at app//org.openqa.selenium.remote.http.HttpRequest.addHeader(HttpRequest.java:27)
at app//org.openqa.selenium.remote.http.AddSeleniumUserAgent.lambda$apply$0(AddSeleniumUserAgent.java:39)
at app//org.openqa.selenium.remote.http.AddSeleniumUserAgent$$Lambda$371/0x000000010033f440.execute(Unknown Source)
at app//org.openqa.selenium.remote.http.Filter.lambda$andFinally$1(Filter.java:56)
at app//org.openqa.selenium.remote.http.Filter$$Lambda$170/0x00000001002d0040.execute(Unknown Source)
at app//org.openqa.selenium.remote.http.netty.NettyClient.execute(NettyClient.java:119)
at app//org.openqa.selenium.remote.HttpCommandExecutor.execute(HttpCommandExecutor.java:181)
at app//org.openqa.selenium.remote.service.DriverCommandExecutor.invokeExecute(DriverCommandExecutor.java:164)
at app//org.openqa.selenium.remote.service.DriverCommandExecutor.execute(DriverCommandExecutor.java:139)
at app//org.openqa.selenium.remote.RemoteWebDriver.execute(RemoteWebDriver.java:559)
at app//org.openqa.selenium.remote.RemoteWebDriver.execute(RemoteWebDriver.java:614)
at app//org.openqa.selenium.remote.RemoteWebDriver.execute(RemoteWebDriver.java:618)
at app//org.openqa.selenium.remote.RemoteWebDriver.getTitle(RemoteWebDriver.java:333)
at app//Pages.LoginPage.verifyTitle(LoginPage.java:34)
at app//TestCases1.DemoTest.verifyTitleTest2(DemoTest.java:53)
at java.base@11.0.16.1/jdk.internal.reflect.NativeMethodAccessorImpl.invoke0(Native Method)
at java.base@11.0.16.1/jdk.internal.reflect.NativeMethodAccessorImpl.invoke(NativeMethodAccessorImpl.java:62)
at java.base@11.0.16.1/jdk.internal.reflect.DelegatingMethodAccessorImpl.invoke(DelegatingMethodAccessorImpl.java:43)
at java.base@11.0.16.1/java.lang.reflect.Method.invoke(Method.java:566)
at app//org.testng.internal.MethodInvocationHelper.invokeMethod(MethodInvocationHelper.java:133)
at app//org.testng.internal.InvokeMethodRunnable.runOne(InvokeMethodRunnable.java:51)
at app//org.testng.internal.InvokeMethodRunnable.run(InvokeMethodRunnable.java:41)
at java.base@11.0.16.1/java.util.concurrent.Executors$RunnableAdapter.call(Executors.java:515)
at java.base@11.0.16.1/java.util.concurrent.FutureTask.run(FutureTask.java:264)
at java.base@11.0.16.1/java.util.concurrent.ThreadPoolExecutor.runWorker(ThreadPoolExecutor.java:1128)
at java.base@11.0.16.1/java.util.concurrent.ThreadPoolExecutor$Worker.run(ThreadPoolExecutor.java:628)
at java.base@11.0.16.1/java.lang.Thread.run(Thread.java:834)
]]>
    </error>
  </testcase> <!-- verifyTitleTest2 -->
  <testcase classname="TestCases1.DemoTest" name="verifyTitleTest">
    <skipped/>
  </testcase> <!-- verifyTitleTest -->
</testsuite> <!-- TestCases1.DemoTest -->
